{"numFailedTestSuites":1,"numFailedTests":1,"numPassedTestSuites":0,"numPassedTests":3,"numPendingTestSuites":0,"numPendingTests":0,"numRuntimeErrorTestSuites":1,"numTodoTests":0,"numTotalTestSuites":1,"numTotalTests":4,"openHandles":[],"snapshot":{"added":0,"didUpdate":false,"failure":false,"filesAdded":0,"filesRemoved":0,"filesRemovedList":[],"filesUnmatched":0,"filesUpdated":0,"matched":0,"total":0,"unchecked":0,"uncheckedKeysByFile":[],"unmatched":0,"updated":0},"startTime":1772025534507,"success":false,"testResults":[{"assertionResults":[{"ancestorTitles":["Order API"],"duration":415,"failing":false,"failureDetails":[],"failureMessages":[],"fullName":"Order API should create a new order","invocations":1,"location":null,"numPassingAsserts":3,"retryReasons":[],"startAt":1772025550960,"status":"passed","title":"should create a new order"},{"ancestorTitles":["Order API"],"duration":99,"failing":false,"failureDetails":[],"failureMessages":[],"fullName":"Order API should retrieve an order by ID","invocations":1,"location":null,"numPassingAsserts":2,"retryReasons":[],"startAt":1772025551382,"status":"passed","title":"should retrieve an order by ID"},{"ancestorTitles":["Order API"],"duration":56,"failing":false,"failureDetails":[],"failureMessages":[],"fullName":"Order API should fail validation with invalid data","invocations":1,"location":null,"numPassingAsserts":1,"retryReasons":[],"startAt":1772025551483,"status":"passed","title":"should fail validation with invalid data"},{"ancestorTitles":["Order API"],"duration":30028,"failing":false,"failureDetails":[{"message":"thrown: \"Exceeded timeout of 30000 ms for a test.\nAdd a timeout value to this test to increase the timeout, if this is a long-running test. See https://jestjs.io/docs/api#testname-fn-timeout.\""}],"failureMessages":["Error: thrown: \"Exceeded timeout of 30000 ms for a test.\nAdd a timeout value to this test to increase the timeout, if this is a long-running test. See https://jestjs.io/docs/api#testname-fn-timeout.\"\n    at D:\\Projects\\FoodieFlow\\server\\src\\tests\\order.test.ts:64:5\n    at _dispatchDescribe (D:\\Projects\\FoodieFlow\\server\\node_modules\\jest-circus\\build\\jestAdapterInit.js:604:26)\n    at describe (D:\\Projects\\FoodieFlow\\server\\node_modules\\jest-circus\\build\\jestAdapterInit.js:572:44)\n    at D:\\Projects\\FoodieFlow\\server\\src\\tests\\order.test.ts:8:1\n    at SourceTextModule.evaluate (node:internal/vm/module:227:23)\n    at Runtime.linkAndEvaluateModule (D:\\Projects\\FoodieFlow\\server\\node_modules\\jest-runtime\\build\\index.js:686:20)\n    at processTicksAndRejections (node:internal/process/task_queues:105:5)\n    at jestAdapter (D:\\Projects\\FoodieFlow\\server\\node_modules\\jest-circus\\build\\runner.js:93:5)\n    at runTestInternal (D:\\Projects\\FoodieFlow\\server\\node_modules\\jest-runner\\build\\index.js:275:16)\n    at runTest (D:\\Projects\\FoodieFlow\\server\\node_modules\\jest-runner\\build\\index.js:343:7)"],"fullName":"Order API should simulate order status updates","invocations":1,"location":null,"numPassingAsserts":0,"retryReasons":[],"startAt":1772025551541,"status":"failed","title":"should simulate order status updates"}],"coverage":{},"endTime":1772025612054,"message":"\u001b[1m\u001b[31m  \u001b[1m● \u001b[22m\u001b[1mOrder API › should simulate order status updates\u001b[39m\u001b[22m\n\n    thrown: \"Exceeded timeout of 30000 ms for a test.\n    Add a timeout value to this test to increase the timeout, if this is a long-running test. See https://jestjs.io/docs/api#testname-fn-timeout.\"\n\u001b[2m\u001b[22m\n\u001b[2m    \u001b[0m \u001b[90m 62 |\u001b[39m     }\u001b[33m,\u001b[39m \u001b[35m30000\u001b[39m)\u001b[33m;\u001b[39m\u001b[22m\n\u001b[2m     \u001b[90m 63 |\u001b[39m\u001b[22m\n\u001b[2m    \u001b[31m\u001b[1m>\u001b[22m\u001b[2m\u001b[39m\u001b[90m 64 |\u001b[39m     it(\u001b[32m'should simulate order status updates'\u001b[39m\u001b[33m,\u001b[39m \u001b[36masync\u001b[39m () \u001b[33m=>\u001b[39m {\u001b[22m\n\u001b[2m     \u001b[90m    |\u001b[39m     \u001b[31m\u001b[1m^\u001b[22m\u001b[2m\u001b[39m\u001b[22m\n\u001b[2m     \u001b[90m 65 |\u001b[39m         \u001b[90m// We use fake timers to test the status updates\u001b[39m\u001b[22m\n\u001b[2m     \u001b[90m 66 |\u001b[39m         jest\u001b[33m.\u001b[39museFakeTimers()\u001b[33m;\u001b[39m\u001b[22m\n\u001b[2m     \u001b[90m 67 |\u001b[39m\u001b[0m\u001b[22m\n\u001b[2m\u001b[22m\n\u001b[2m      \u001b[2mat \u001b[22m\u001b[2m\u001b[0m\u001b[36msrc/tests/order.test.ts\u001b[39m\u001b[0m\u001b[2m:64:5\u001b[22m\u001b[2m\u001b[22m\n\u001b[2m      \u001b[2mat \u001b[22m\u001b[2m\u001b[0m\u001b[36msrc/tests/order.test.ts\u001b[39m\u001b[0m\u001b[2m:8:1\u001b[22m\u001b[2m\u001b[22m\n\n\n  \u001b[1m● \u001b[22mTest suite failed to run\n\n    thrown: \"Exceeded timeout of 30000 ms for a hook.\n    Add a timeout value to this test to increase the timeout, if this is a long-running test. See https://jestjs.io/docs/api#testname-fn-timeout.\"\n\n    \u001b[0m \u001b[90m 13 |\u001b[39m })\u001b[33m;\u001b[39m\n     \u001b[90m 14 |\u001b[39m\n    \u001b[31m\u001b[1m>\u001b[22m\u001b[39m\u001b[90m 15 |\u001b[39m afterAll(\u001b[36masync\u001b[39m () \u001b[33m=>\u001b[39m {\n     \u001b[90m    |\u001b[39m \u001b[31m\u001b[1m^\u001b[22m\u001b[39m\n     \u001b[90m 16 |\u001b[39m     \u001b[36mif\u001b[39m (mongo) {\n     \u001b[90m 17 |\u001b[39m         \u001b[36mawait\u001b[39m mongoose\u001b[33m.\u001b[39mconnection\u001b[33m.\u001b[39mdropDatabase()\u001b[33m;\u001b[39m\n     \u001b[90m 18 |\u001b[39m         \u001b[36mawait\u001b[39m mongoose\u001b[33m.\u001b[39mconnection\u001b[33m.\u001b[39mclose()\u001b[33m;\u001b[39m\u001b[0m\n\n      \u001b[2mat \u001b[22msrc/tests/setup.ts\u001b[2m:15:1\u001b[22m\n","name":"D:\\Projects\\FoodieFlow\\server\\src\\tests\\order.test.ts","startTime":1772025612054,"status":"failed","summary":""}],"wasInterrupted":false}
